<?xml version="1.0" encoding="UTF-8"?>
<!-- Generated by org.testng.reporters.JUnitXMLReporter -->
<testsuite ignored="0" hostname="ThakurPC" failures="0" tests="4" name="Test" time="0.055" errors="0" timestamp="2023-02-02T16:35:27 IST">
  <testcase classname="script.TestCase4" name="demo" time="0.012"/>
  <testcase classname="script.TestCase3" name="demo" time="0.002"/>
  <testcase classname="script.TestCase2" name="demo" time="0.001"/>
  <testcase classname="script.TestCase1" name="demo" time="0.002"/>
</testsuite> <!-- Test -->
