<?xml version="1.0" encoding="UTF-8"?>
<!-- Generated by org.testng.reporters.JUnitXMLReporter -->
<testsuite ignored="0" hostname="ThakurPC" failures="0" tests="4" name="Test" time="0.048" errors="0" timestamp="2023-02-02T17:12:05 IST">
  <testcase classname="script.TestCase4" name="demo" time="0.009"/>
  <testcase classname="script.TestCase3" name="demo" time="0.001"/>
  <testcase classname="script.TestCase2" name="demo" time="0.001"/>
  <testcase classname="script.TestCase1" name="demo" time="0.001"/>
</testsuite> <!-- Test -->
